1555277487183	mozrunner::runner	INFO	Running command: "C:\\Program Files\\Mozilla Firefox\\firefox.exe" "-marionette" "-headless" "-foreground" "-no-remote" "-profile" "C:\\Users\\QENDRI~1\\AppData\\Local\\Temp\\rust_mozprofile.ZBeylq0ZAj2C"
*** You are running in headless mode.
1555277487734	addons.webextension.screenshots@mozilla.org	WARN	Loading extension 'screenshots@mozilla.org': Reading manifest: Invalid extension permission: mozillaAddons
1555277487735	addons.webextension.screenshots@mozilla.org	WARN	Loading extension 'screenshots@mozilla.org': Reading manifest: Invalid extension permission: resource://pdf.js/
1555277487739	addons.webextension.screenshots@mozilla.org	WARN	Loading extension 'screenshots@mozilla.org': Reading manifest: Invalid extension permission: about:reader*
[GFX1-]: ClientLayerManager::BeginTransaction with IPC channel down. GPU process may have died.
1555277488387	Marionette	INFO	Listening on port 60654
1555277488812	Marionette	WARN	TLS certificate errors will be ignored for this session
1555277493855	Marionette	WARN	TimedPromise timed out after 5000 ms: stacktrace:
bail@chrome://marionette/content/sync.js:224:64
1555277504043	Marionette	INFO	Stopped listening on port 60654
[Parent 10324, Gecko_IOThread] WARNING: pipe error: 109: file z:/build/build/src/ipc/chromium/src/chrome/common/ipc_channel_win.cc, line 332
[Child 7964, Chrome_ChildThread] WARNING: pipe error: 109: file z:/build/build/src/ipc/chromium/src/chrome/common/ipc_channel_win.cc, line 332
[Child 7964, Chrome_ChildThread] WARNING: pipe e[Child 9080, Chrome_ChildThread] WARNING: pipe error: 109: file z:/build/build/src/ipc/chromium/src/chrome/common/ipc_channel_win.cc, line 332
[Child 9080, Chrome_Chi1555277546918	mozrunner::runner	INFO	Running command: "C:\\Program Files\\Mozilla Firefox\\firefox.exe" "-marionette" "-headless" "-foreground" "-no-remote" "-profile" "C:\\Users\\QENDRI~1\\AppData\\Local\\Temp\\rust_mozprofile.m8CiR9Egj6mJ"
*** You are running in headless mode.
1555277547521	addons.webextension.screenshots@mozilla.org	WARN	Loading extension 'screenshots@mozilla.org': Reading manifest: Invalid extension permission: mozillaAddons
1555277547521	addons.webextension.screenshots@mozilla.org	WARN	Loading extension 'screenshots@mozilla.org': Reading manifest: Invalid extension permission: resource://pdf.js/
1555277547521	addons.webextension.screenshots@mozilla.org	WARN	Loading extension 'screenshots@mozilla.org': Reading manifest: Invalid extension permission: about:reader*
1555277548411	Marionette	INFO	Listening on port 60807
1555277548590	Marionette	WARN	TLS certificate errors will be ignored for this session
1555277553636	Marionette	WARN	TimedPromise timed out after 5000 ms: stacktrace:
bail@chrome://marionette/content/sync.js:224:64
1555277563367	Marionette	INFO	Stopped listening on port 60807
[Parent 10428, Gecko_IOThread] WARNING: pipe error: 109: file z:/build/build/src/ipc/chromium/src/chrome/common/ipc_channel_win.cc, line 332
[Child 2520, Chrome_ChildThread] WARNING: pipe error: 109: file z:/build/build/src/ipc/chromium/src/chrome/common/ipc_channel_win.cc, line 332
[Child 2520, Chrome_ChildThrea[Child 4304, Chrome_ChildThread] WARNING: pipe error: 109: file z:/build/build/src/ipc/chromium/src/chrome/common/ipc_channel_win.cc, line 332
[Child 4304, Chrome_ChildThread] WARNING: pipe error: 109: file z:/build/bui[Parent 10428, Gecko_IOThread] WARNING: pipe error: 109: file z:/build/build/src/ipc/chromium/src/chrome/common/ipc_channel_win.cc, line 332
[Child 5244, Chrome_ChildThread] WARNING: pipe error: 109: file z:/build/build/src/ipc/chromium/src/chrome/common/ipc_channel_win.cc, line 332
[Child 5244, Chrome_ChildThread] WARNING: pipe error1555277567127	mozrunner::runner	INFO	Running command: "C:\\Program Files\\Mozilla Firefox\\firefox.exe" "-marionette" "-headless" "-foreground" "-no-remote" "-profile" "C:\\Users\\QENDRI~1\\AppData\\Local\\Temp\\rust_mozprofile.d54md9qm71Q5"
*** You are running in headless mode.
1555277567664	addons.webextension.screenshots@mozilla.org	WARN	Loading extension 'screenshots@mozilla.org': Reading manifest: Invalid extension permission: mozillaAddons
1555277567664	addons.webextension.screenshots@mozilla.org	WARN	Loading extension 'screenshots@mozilla.org': Reading manifest: Invalid extension permission: resource://pdf.js/
1555277567664	addons.webextension.screenshots@mozilla.org	WARN	Loading extension 'screenshots@mozilla.org': Reading manifest: Invalid extension permission: about:reader*
[GFX1-]: ClientLayerManager::BeginTransaction with IPC channel down. GPU process may have died.
1555277568415	Marionette	INFO	Listening on port 60864
1555277568732	Marionette	WARN	TLS certificate errors will be ignored for this session
1555277573762	Marionette	WARN	TimedPromise timed out after 5000 ms: stacktrace:
bail@chrome://marionette/content/sync.js:224:64
1555277583446	Marionette	INFO	Stopped listening on port 60864
[Parent 6032, Gecko_IOThread] WARNING: pipe error: 109: file z:/build/build/src/ipc/chromium/src/chrome/common/ipc_channel_win.cc, line 332
[Child 2528, Chrome_ChildThread] WARNING: pipe error: 109: file z:/build/build/src/ipc/chromium/src/chrome/common/ipc_channel_win.cc, line 332
[Child 2528, Chrome_ChildThread] WARNING: pipe error: 109: file z:/build/build/src/ipc/chromium/src/chrome/common/ipc_channel_win.cc, line 332
[Child 7060, Chrome_ChildThread] WARNING: pipe error: 109: file z:/build/build/src/ipc/chromium/src/chrome/common/ipc_channel_win.cc, line 332
[Child 7060, Chrome_ChildThread1555277586982	mozrunner::runner	INFO	Running command: "C:\\Program Files\\Mozilla Firefox\\firefox.exe" "-marionette" "-headless" "-foreground" "-no-remote" "-profile" "C:\\Users\\QENDRI~1\\AppData\\Local\\Temp\\rust_mozprofile.FCXt2H9ek1dQ"
*** You are running in headless mode.
1555277587420	addons.webextension.screenshots@mozilla.org	WARN	Loading extension 'screenshots@mozilla.org': Reading manifest: Invalid extension permission: mozillaAddons
1555277587420	addons.webextension.screenshots@mozilla.org	WARN	Loading extension 'screenshots@mozilla.org': Reading manifest: Invalid extension permission: resource://pdf.js/
1555277587420	addons.webextension.screenshots@mozilla.org	WARN	Loading extension 'screenshots@mozilla.org': Reading manifest: Invalid extension permission: about:reader*
[GFX1-]: ClientLayerManager::BeginTransaction with IPC channel down. GPU process may have died.
1555277588165	Marionette	INFO	Listening on port 60935
1555277588592	Marionette	WARN	TLS certificate errors will be ignored for this session
1555277593623	Marionette	WARN	TimedPromise timed out after 5000 ms: stacktrace:
bail@chrome://marionette/content/sync.js:224:64
1555277603377	Marionette	INFO	Stopped listening on port 60935
[Parent 1456, Gecko_IOThread] WARNING: pipe error: 109: file z:/build/build/src/ipc/chromium/src/chrome/common/ipc_channel_win.cc, line 332
[Child 10452, Chrome_ChildThread] WARNING: pipe error: 109: file z:/build/build/src/ipc/chromium/src/chrome/common/ipc_channel_win.cc, line 332
[Child 10452, Chrome_ChildThread] WARNING: pipe error: 109: file z:/build/build/src/ipc/chromium/src/chrome/common/ipc_channel_win.cc, line 332
[Parent 1456, Gecko_IOThread] WARNING: file z:/build/build/src/ipc/chromium/src/base/process_util_win.cc, line 166
